Sending build context to Docker daemon 35.28 MB
Step 1/12 : FROM alpine:latest
 ---> 3fd9065eaf02
Step 2/12 : ENV TIMEZONE Europe/Samara
 ---> Running in b77c2c925e2c
 ---> 828b9dce3e95
Removing intermediate container b77c2c925e2c
Step 3/12 : ENV PHP_MEMORY_LIMIT 256M
 ---> Running in c8ca4093f280
 ---> 36c667672f67
Removing intermediate container c8ca4093f280
Step 4/12 : ENV MAX_UPLOAD 50M
 ---> Running in 282845c1b33f
 ---> cb2b8ea85171
Removing intermediate container 282845c1b33f
Step 5/12 : ENV PHP_MAX_FILE_UPLOAD 20
 ---> Running in fc17957fdec0
 ---> ecbbc23dd918
Removing intermediate container fc17957fdec0
Step 6/12 : ENV PHP_MAX_POST 51M
 ---> Running in 01f08e0c2bf8
 ---> c990eb760164
Removing intermediate container 01f08e0c2bf8
Step 7/12 : COPY roundcube /home/roundcube
 ---> 70a75cb7e49d
Removing intermediate container b3fe1224a9a1
Step 8/12 : RUN echo "http://dl-cdn.alpinelinux.org/alpine/latest-stable/main" >> /etc/apk/repositories &&     apk update &&     apk upgrade &&     apk add --update tzdata &&     cp /usr/share/zoneinfo/${TIMEZONE} /etc/localtime &&     echo "${TIMEZONE}" > /etc/timezone &&     apk add --update 	lighttpd         php7-mcrypt         php7-session         php7-sockets         php7-mbstring         php7-openssl         php7-json         php7-dom         php7-pdo         php7-zip         php7-gd         php7-imagick         php7-pdo_mysql         php7-fpm && sed -i "s|;*daemonize\s*=\s*yes|daemonize = no|g" /etc/php7/php-fpm.conf && sed -i "s|;*listen\s*=\s*127.0.0.1:9000|listen = '/var/run/php7-fpm.socket'|g" /etc/php7/php-fpm.d/www.conf && sed -i "s|;*listen\s*=\s*/||g" /etc/php7/php-fpm.d/www.conf && sed -i "s|;*listen =.*|date.timezone = ${TIMEZONE}|i" /etc/php7/php.ini && sed -i "s|;*date.timezone =.*|date.timezone = ${TIMEZONE}|i" /etc/php7/php.ini && sed -i "s|;*memory_limit =.*|memory_limit = ${PHP_MEMORY_LIMIT}|i" /etc/php7/php.ini && sed -i "s|;*upload_max_filesize =.*|upload_max_filesize = ${MAX_UPLOAD}|i" /etc/php7/php.ini && sed -i "s|;*max_file_uploads =.*|max_file_uploads = ${PHP_MAX_FILE_UPLOAD}|i" /etc/php7/php.ini && sed -i "s|;*post_max_size =.*|post_max_size = ${PHP_MAX_POST}|i" /etc/php7/php.ini && sed -i "s|;*cgi.fix_pathinfo=.*|cgi.fix_pathinfo= 0|i" /etc/php7/php.ini && apk del tzdata && rm -rf /var/cache/apk/*
 ---> Running in 5031837b82b3
fetch http://dl-cdn.alpinelinux.org/alpine/v3.7/main/x86_64/APKINDEX.tar.gz
fetch http://dl-cdn.alpinelinux.org/alpine/v3.7/community/x86_64/APKINDEX.tar.gz
fetch http://dl-cdn.alpinelinux.org/alpine/latest-stable/main/x86_64/APKINDEX.tar.gz
v3.7.0-204-gd59577c011 [http://dl-cdn.alpinelinux.org/alpine/v3.7/main]
v3.7.0-203-g63878b91a7 [http://dl-cdn.alpinelinux.org/alpine/v3.7/community]
v3.7.0-204-gd59577c011 [http://dl-cdn.alpinelinux.org/alpine/latest-stable/main]
OK: 9054 distinct packages available
Upgrading critical system libraries and apk-tools:
(1/1) Upgrading apk-tools (2.8.2-r0 -> 2.9.1-r2)
Executing busybox-1.27.2-r7.trigger
Continuing the upgrade transaction with new apk-tools:
fetch http://dl-cdn.alpinelinux.org/alpine/v3.7/community/x86_64/APKINDEX.tar.gz
(1/7) Upgrading musl (1.1.18-r2 -> 1.1.18-r3)
(2/7) Upgrading busybox (1.27.2-r7 -> 1.27.2-r11)
Executing busybox-1.27.2-r11.post-upgrade
(3/7) Upgrading libressl2.6-libcrypto (2.6.3-r0 -> 2.6.5-r0)
(4/7) Upgrading libressl2.6-libssl (2.6.3-r0 -> 2.6.5-r0)
(5/7) Installing libressl2.6-libtls (2.6.5-r0)
(6/7) Installing ssl_client (1.27.2-r11)
(7/7) Upgrading musl-utils (1.1.18-r2 -> 1.1.18-r3)
Executing busybox-1.27.2-r11.trigger
OK: 4 MiB in 13 packages
fetch http://dl-cdn.alpinelinux.org/alpine/v3.7/main/x86_64/APKINDEX.tar.gz
fetch http://dl-cdn.alpinelinux.org/alpine/latest-stable/main/x86_64/APKINDEX.tar.gz
(1/1) Installing tzdata (2017c-r0)
Executing busybox-1.27.2-r11.trigger
OK: 8 MiB in 14 packages
(1/58) Installing libbz2 (1.0.6-r6)
(2/58) Installing libev (4.24-r0)
(3/58) Installing libffi (3.2.1-r4)
(4/58) Installing libintl (0.19.8.1-r1)
(5/58) Installing libuuid (2.31-r0)
(6/58) Installing libblkid (2.31-r0)
(7/58) Installing libmount (2.31-r0)
(8/58) Installing pcre (8.41-r1)
(9/58) Installing glib (2.54.2-r0)
(10/58) Installing gamin (0.1.10-r10)
(11/58) Installing db (5.3.28-r0)
(12/58) Installing libsasl (2.1.26-r11)
(13/58) Installing libldap (2.4.45-r3)
(14/58) Installing lua5.3-libs (5.3.4-r2)
(15/58) Installing lighttpd (1.4.48-r0)
Executing lighttpd-1.4.48-r0.pre-install
(16/58) Installing php7-common (7.1.17-r0)
(17/58) Installing libxml2 (2.9.7-r0)
(18/58) Installing php7-dom (7.1.17-r0)
(19/58) Installing ncurses-terminfo-base (6.0_p20171125-r0)
(20/58) Installing ncurses-terminfo (6.0_p20171125-r0)
(21/58) Installing ncurses-libs (6.0_p20171125-r0)
(22/58) Installing libedit (20170329.3.1-r3)
(23/58) Installing php7-fpm (7.1.17-r0)
(24/58) Installing libxau (1.0.8-r2)
(25/58) Installing libbsd (0.8.6-r1)
(26/58) Installing libxdmcp (1.1.2-r4)
(27/58) Installing libxcb (1.12-r1)
(28/58) Installing libx11 (1.6.5-r1)
(29/58) Installing libxext (1.3.3-r2)
(30/58) Installing libice (1.0.9-r2)
(31/58) Installing libsm (1.2.2-r1)
(32/58) Installing libxt (1.1.5-r1)
(33/58) Installing libxpm (3.5.12-r0)
(34/58) Installing libpng (1.6.34-r1)
(35/58) Installing freetype (2.8.1-r3)
(36/58) Installing libjpeg-turbo (1.5.2-r0)
(37/58) Installing libwebp (0.6.0-r1)
(38/58) Installing php7-gd (7.1.17-r0)
(39/58) Installing expat (2.2.5-r0)
(40/58) Installing fontconfig (2.12.6-r0)
(41/58) Installing libgcc (6.4.0-r5)
(42/58) Installing libgomp (6.4.0-r5)
(43/58) Installing lcms2 (2.8-r1)
(44/58) Installing libltdl (2.4.6-r4)
(45/58) Installing imagemagick-libs (7.0.7.11-r1)
(46/58) Installing php7-imagick (3.4.3-r3)
(47/58) Installing php7-json (7.1.17-r0)
(48/58) Installing php7-mbstring (7.1.17-r0)
(49/58) Installing libmcrypt (2.5.8-r7)
(50/58) Installing php7-mcrypt (7.1.17-r0)
(51/58) Installing php7-openssl (7.1.17-r0)
(52/58) Installing php7-pdo (7.1.17-r0)
(53/58) Installing php7-mysqlnd (7.1.17-r0)
(54/58) Installing php7-pdo_mysql (7.1.17-r0)
(55/58) Installing php7-session (7.1.17-r0)
(56/58) Installing php7-sockets (7.1.17-r0)
(57/58) Installing libzip (1.3.0-r1)
(58/58) Installing php7-zip (7.1.17-r0)
Executing busybox-1.27.2-r11.trigger
Executing glib-2.54.2-r0.trigger
OK: 43 MiB in 72 packages
(1/1) Purging tzdata (2017c-r0)
Executing busybox-1.27.2-r11.trigger
OK: 40 MiB in 71 packages
 ---> df6f427269b9
Removing intermediate container 5031837b82b3
Step 9/12 : WORKDIR /home/roundcube
 ---> ce9ddc71b9e9
Removing intermediate container 22b75e75d811
Step 10/12 : VOLUME /home/roundcube/config/
 ---> Running in 19e24a2384e5
 ---> 1ee8d001ea6a
Removing intermediate container 19e24a2384e5
Step 11/12 : EXPOSE 80/tcp 443/tcp
 ---> Running in 3bcae62b2957
 ---> 67c428e083e7
Removing intermediate container 3bcae62b2957
Step 12/12 : ENTRYPOINT /usr/sbin/php-fpm7
 ---> Running in 4d0a95d4b4a0
 ---> 323c154aef97
Removing intermediate container 4d0a95d4b4a0
Successfully built 323c154aef97
